# JRE version: Java(TM) SE Runtime Environment (8.0_25-b18) (build 1.8.0_25-b18)
# Java VM: Java HotSpot(TM) 64-Bit Server VM (25.25-b02 mixed mode windows-amd64 compressed oops)
Heap:
 PSYoungGen      total 333824K, used 1830K [0x00000000eb780000, 0x0000000100000000, 0x0000000100000000)
  eden space 331264K, 0% used [0x00000000eb780000,0x00000000eb789af8,0x00000000ffb00000)
  from space 2560K, 70% used [0x00000000ffd80000,0x00000000fff40000,0x0000000100000000)
  to   space 2560K, 0% used [0x00000000ffb00000,0x00000000ffb00000,0x00000000ffd80000)
 ParOldGen       total 49664K, used 28313K [0x00000000c2600000, 0x00000000c5680000, 0x00000000eb780000)
  object space 49664K, 57% used [0x00000000c2600000,0x00000000c41a6488,0x00000000c5680000)
 Metaspace       used 13559K, capacity 13675K, committed 13952K, reserved 1060864K
  class space    used 1590K, capacity 1643K, committed 1664K, reserved 1048576K
GC Heap History (10 events):
Event: 1217.495 GC heap before
{Heap before GC invocations=1709 (full 1):
 PSYoungGen      total 333824K, used 333184K [0x00000000eb780000, 0x0000000100000000, 0x0000000100000000)
  eden space 331264K, 100% used [0x00000000eb780000,0x00000000ffb00000,0x00000000ffb00000)
  from space 2560K, 75% used [0x00000000ffb00000,0x00000000ffce0020,0x00000000ffd80000)
  to   space 2560K, 0% used [0x00000000ffd80000,0x00000000ffd80000,0x0000000100000000)
 ParOldGen       total 49664K, used 27753K [0x00000000c2600000, 0x00000000c5680000, 0x00000000eb780000)
  object space 49664K, 55% used [0x00000000c2600000,0x00000000c411a488,0x00000000c5680000)
 Metaspace       used 13559K, capacity 13675K, committed 13952K, reserved 1060864K
  class space    used 1590K, capacity 1643K, committed 1664K, reserved 1048576K
Event: 1217.523 GC heap after
Heap after GC invocations=1709 (full 1):
 PSYoungGen      total 333824K, used 1952K [0x00000000eb780000, 0x0000000100000000, 0x0000000100000000)
  eden space 331264K, 0% used [0x00000000eb780000,0x00000000eb780000,0x00000000ffb00000)
  from space 2560K, 76% used [0x00000000ffd80000,0x00000000fff68020,0x0000000100000000)
  to   space 2560K, 0% used [0x00000000ffb00000,0x00000000ffb00000,0x00000000ffd80000)
 ParOldGen       total 49664K, used 27873K [0x00000000c2600000, 0x00000000c5680000, 0x00000000eb780000)
  object space 49664K, 56% used [0x00000000c2600000,0x00000000c4138488,0x00000000c5680000)
 Metaspace       used 13559K, capacity 13675K, committed 13952K, reserved 1060864K
  class space    used 1590K, capacity 1643K, committed 1664K, reserved 1048576K
}
Event: 1219.312 GC heap before
{Heap before GC invocations=1710 (full 1):
 PSYoungGen      total 333824K, used 333216K [0x00000000eb780000, 0x0000000100000000, 0x0000000100000000)
  eden space 331264K, 100% used [0x00000000eb780000,0x00000000ffb00000,0x00000000ffb00000)
  from space 2560K, 76% used [0x00000000ffd80000,0x00000000fff68020,0x0000000100000000)
  to   space 2560K, 0% used [0x00000000ffb00000,0x00000000ffb00000,0x00000000ffd80000)
 ParOldGen       total 49664K, used 27873K [0x00000000c2600000, 0x00000000c5680000, 0x00000000eb780000)
  object space 49664K, 56% used [0x00000000c2600000,0x00000000c4138488,0x00000000c5680000)
 Metaspace       used 13559K, capacity 13675K, committed 13952K, reserved 1060864K
  class space    used 1590K, capacity 1643K, committed 1664K, reserved 1048576K
Event: 1219.356 GC heap after
Heap after GC invocations=1710 (full 1):
 PSYoungGen      total 333824K, used 1984K [0x00000000eb780000, 0x0000000100000000, 0x0000000100000000)
  eden space 331264K, 0% used [0x00000000eb780000,0x00000000eb780000,0x00000000ffb00000)
  from space 2560K, 77% used [0x00000000ffb00000,0x00000000ffcf0030,0x00000000ffd80000)
  to   space 2560K, 0% used [0x00000000ffd80000,0x00000000ffd80000,0x0000000100000000)
 ParOldGen       total 49664K, used 27993K [0x00000000c2600000, 0x00000000c5680000, 0x00000000eb780000)
  object space 49664K, 56% used [0x00000000c2600000,0x00000000c4156488,0x00000000c5680000)
 Metaspace       used 13559K, capacity 13675K, committed 13952K, reserved 1060864K
  class space    used 1590K, capacity 1643K, committed 1664K, reserved 1048576K
}
Event: 1221.811 GC heap before
{Heap before GC invocations=1711 (full 1):
 PSYoungGen      total 333824K, used 333248K [0x00000000eb780000, 0x0000000100000000, 0x0000000100000000)
  eden space 331264K, 100% used [0x00000000eb780000,0x00000000ffb00000,0x00000000ffb00000)
  from space 2560K, 77% used [0x00000000ffb00000,0x00000000ffcf0030,0x00000000ffd80000)
  to   space 2560K, 0% used [0x00000000ffd80000,0x00000000ffd80000,0x0000000100000000)
 ParOldGen       total 49664K, used 27993K [0x00000000c2600000, 0x00000000c5680000, 0x00000000eb780000)
  object space 49664K, 56% used [0x00000000c2600000,0x00000000c4156488,0x00000000c5680000)
 Metaspace       used 13559K, capacity 13675K, committed 13952K, reserved 1060864K
  class space    used 1590K, capacity 1643K, committed 1664K, reserved 1048576K
Event: 1221.815 GC heap after
Heap after GC invocations=1711 (full 1):
 PSYoungGen      total 333824K, used 1984K [0x00000000eb780000, 0x0000000100000000, 0x0000000100000000)
  eden space 331264K, 0% used [0x00000000eb780000,0x00000000eb780000,0x00000000ffb00000)
  from space 2560K, 77% used [0x00000000ffd80000,0x00000000fff70030,0x0000000100000000)
  to   space 2560K, 0% used [0x00000000ffb00000,0x00000000ffb00000,0x00000000ffd80000)
 ParOldGen       total 49664K, used 28097K [0x00000000c2600000, 0x00000000c5680000, 0x00000000eb780000)
  object space 49664K, 56% used [0x00000000c2600000,0x00000000c4170488,0x00000000c5680000)
 Metaspace       used 13559K, capacity 13675K, committed 13952K, reserved 1060864K
  class space    used 1590K, capacity 1643K, committed 1664K, reserved 1048576K
}
Event: 1223.879 GC heap before
{Heap before GC invocations=1712 (full 1):
 PSYoungGen      total 333824K, used 333248K [0x00000000eb780000, 0x0000000100000000, 0x0000000100000000)
  eden space 331264K, 100% used [0x00000000eb780000,0x00000000ffb00000,0x00000000ffb00000)
  from space 2560K, 77% used [0x00000000ffd80000,0x00000000fff70030,0x0000000100000000)
  to   space 2560K, 0% used [0x00000000ffb00000,0x00000000ffb00000,0x00000000ffd80000)
 ParOldGen       total 49664K, used 28097K [0x00000000c2600000, 0x00000000c5680000, 0x00000000eb780000)
  object space 49664K, 56% used [0x00000000c2600000,0x00000000c4170488,0x00000000c5680000)
 Metaspace       used 13559K, capacity 13675K, committed 13952K, reserved 1060864K
  class space    used 1590K, capacity 1643K, committed 1664K, reserved 1048576K
Event: 1223.882 GC heap after
Heap after GC invocations=1712 (full 1):
 PSYoungGen      total 333824K, used 1952K [0x00000000eb780000, 0x0000000100000000, 0x0000000100000000)
  eden space 331264K, 0% used [0x00000000eb780000,0x00000000eb780000,0x00000000ffb00000)
  from space 2560K, 76% used [0x00000000ffb00000,0x00000000ffce8020,0x00000000ffd80000)
  to   space 2560K, 0% used [0x00000000ffd80000,0x00000000ffd80000,0x0000000100000000)
 ParOldGen       total 49664K, used 28209K [0x00000000c2600000, 0x00000000c5680000, 0x00000000eb780000)
  object space 49664K, 56% used [0x00000000c2600000,0x00000000c418c488,0x00000000c5680000)
 Metaspace       used 13559K, capacity 13675K, committed 13952K, reserved 1060864K
  class space    used 1590K, capacity 1643K, committed 1664K, reserved 1048576K
}
Event: 1225.892 GC heap before
{Heap before GC invocations=1713 (full 1):
 PSYoungGen      total 333824K, used 333216K [0x00000000eb780000, 0x0000000100000000, 0x0000000100000000)
  eden space 331264K, 100% used [0x00000000eb780000,0x00000000ffb00000,0x00000000ffb00000)
  from space 2560K, 76% used [0x00000000ffb00000,0x00000000ffce8020,0x00000000ffd80000)
  to   space 2560K, 0% used [0x00000000ffd80000,0x00000000ffd80000,0x0000000100000000)
 ParOldGen       total 49664K, used 28209K [0x00000000c2600000, 0x00000000c5680000, 0x00000000eb780000)
  object space 49664K, 56% used [0x00000000c2600000,0x00000000c418c488,0x00000000c5680000)
 Metaspace       used 13559K, capacity 13675K, committed 13952K, reserved 1060864K
  class space    used 1590K, capacity 1643K, committed 1664K, reserved 1048576K
Event: 1225.895 GC heap after
Heap after GC invocations=1713 (full 1):
 PSYoungGen      total 333824K, used 1792K [0x00000000eb780000, 0x0000000100000000, 0x0000000100000000)
  eden space 331264K, 0% used [0x00000000eb780000,0x00000000eb780000,0x00000000ffb00000)
  from space 2560K, 70% used [0x00000000ffd80000,0x00000000fff40000,0x0000000100000000)
  to   space 2560K, 0% used [0x00000000ffb00000,0x00000000ffb00000,0x00000000ffd80000)
 ParOldGen       total 49664K, used 28313K [0x00000000c2600000, 0x00000000c5680000, 0x00000000eb780000)
  object space 49664K, 57% used [0x00000000c2600000,0x00000000c41a6488,0x00000000c5680000)
 Metaspace       used 13559K, capacity 13675K, committed 13952K, reserved 1060864K
  class space    used 1590K, capacity 1643K, committed 1664K, reserved 1048576K
}

